# JRE version: Java(TM) SE Runtime Environment (23.0.1+11) (build 23.0.1+11-39)
# Java VM: Java HotSpot(TM) 64-Bit Server VM (23.0.1+11-39, mixed mode, sharing, tiered, compressed oops, compressed class ptrs, g1 gc, windows-amd64)
GC Precious Log:
 CardTable entry size: 512
 Card Set container configuration: InlinePtr #cards 5 size 8 Array Of Cards #cards 10 size 36 Howl #buckets 4 coarsen threshold 1843 Howl Bitmap #cards 512 size 80 coarsen threshold 460 Card regions per heap region 1 cards per card region 2048
 CPUs: 4 total, 4 available
 Memory: 8026M
 Large Page Support: Disabled
 NUMA Support: Disabled
 Compressed Oops: Enabled (32-bit)
 Heap Region Size: 1M
 Heap Min Capacity: 8M
 Heap Initial Capacity: 126M
 Heap Max Capacity: 2008M
 Pre-touch: Disabled
 Parallel Workers: 4
 Concurrent Workers: 1
 Concurrent Refinement Workers: 4
 Periodic GC: Disabled
Heap:
 garbage-first heap   total reserved 2056192K, committed 129024K, used 66783K [0x0000000082800000, 0x0000000100000000)
  region size 1024K, 60 young (61440K), 7 survivors (7168K)
 Metaspace       used 20908K, committed 21312K, reserved 1114112K
  class space    used 2471K, committed 2624K, reserved 1048576K
GC Heap History (10 events):
Event: 1.444 GC heap before
{Heap before GC invocations=0 (full 0):
 garbage-first heap   total reserved 2056192K, committed 129024K, used 14336K [0x0000000082800000, 0x0000000100000000)
  region size 1024K, 14 young (14336K), 0 survivors (0K)
 Metaspace       used 3940K, committed 4160K, reserved 1114112K
  class space    used 423K, committed 512K, reserved 1048576K
}
Event: 1.452 GC heap after
{Heap after GC invocations=1 (full 0):
 garbage-first heap   total reserved 2056192K, committed 129024K, used 3242K [0x0000000082800000, 0x0000000100000000)
  region size 1024K, 2 young (2048K), 2 survivors (2048K)
 Metaspace       used 3940K, committed 4160K, reserved 1114112K
  class space    used 423K, committed 512K, reserved 1048576K
}
Event: 2.328 GC heap before
{Heap before GC invocations=1 (full 0):
 garbage-first heap   total reserved 2056192K, committed 129024K, used 16554K [0x0000000082800000, 0x0000000100000000)
  region size 1024K, 15 young (15360K), 2 survivors (2048K)
 Metaspace       used 6060K, committed 6208K, reserved 1114112K
  class space    used 747K, committed 832K, reserved 1048576K
}
Event: 2.333 GC heap after
{Heap after GC invocations=2 (full 0):
 garbage-first heap   total reserved 2056192K, committed 129024K, used 4153K [0x0000000082800000, 0x0000000100000000)
  region size 1024K, 1 young (1024K), 1 survivors (1024K)
 Metaspace       used 6060K, committed 6208K, reserved 1114112K
  class space    used 747K, committed 832K, reserved 1048576K
}
Event: 4.818 GC heap before
{Heap before GC invocations=2 (full 0):
 garbage-first heap   total reserved 2056192K, committed 129024K, used 39993K [0x0000000082800000, 0x0000000100000000)
  region size 1024K, 36 young (36864K), 1 survivors (1024K)
 Metaspace       used 11647K, committed 11840K, reserved 1114112K
  class space    used 1459K, committed 1536K, reserved 1048576K
}
Event: 4.825 GC heap after
{Heap after GC invocations=3 (full 0):
 garbage-first heap   total reserved 2056192K, committed 129024K, used 6523K [0x0000000082800000, 0x0000000100000000)
  region size 1024K, 3 young (3072K), 3 survivors (3072K)
 Metaspace       used 11647K, committed 11840K, reserved 1114112K
  class space    used 1459K, committed 1536K, reserved 1048576K
}
Event: 7.459 GC heap before
{Heap before GC invocations=3 (full 0):
 garbage-first heap   total reserved 2056192K, committed 129024K, used 45435K [0x0000000082800000, 0x0000000100000000)
  region size 1024K, 41 young (41984K), 3 survivors (3072K)
 Metaspace       used 15624K, committed 15936K, reserved 1114112K
  class space    used 1906K, committed 2048K, reserved 1048576K
}
Event: 7.471 GC heap after
{Heap after GC invocations=4 (full 0):
 garbage-first heap   total reserved 2056192K, committed 129024K, used 9914K [0x0000000082800000, 0x0000000100000000)
  region size 1024K, 6 young (6144K), 6 survivors (6144K)
 Metaspace       used 15624K, committed 15936K, reserved 1114112K
  class space    used 1906K, committed 2048K, reserved 1048576K
}
Event: 16.299 GC heap before
{Heap before GC invocations=4 (full 0):
 garbage-first heap   total reserved 2056192K, committed 129024K, used 58042K [0x0000000082800000, 0x0000000100000000)
  region size 1024K, 53 young (54272K), 6 survivors (6144K)
 Metaspace       used 17849K, committed 18176K, reserved 1114112K
  class space    used 2117K, committed 2240K, reserved 1048576K
}
Event: 16.319 GC heap after
{Heap after GC invocations=5 (full 0):
 garbage-first heap   total reserved 2056192K, committed 129024K, used 13535K [0x0000000082800000, 0x0000000100000000)
  region size 1024K, 7 young (7168K), 7 survivors (7168K)
 Metaspace       used 17849K, committed 18176K, reserved 1114112K
  class space    used 2117K, committed 2240K, reserved 1048576K
}

